<?xml version="1.0" encoding="UTF-8"?>
<!-- Generated by org.testng.reporters.JUnitReportReporter -->
<testsuite hostname="DW-A10515" failures="0" tests="2" name="com.asignacitas.testng.DataDrivenTesting_SWD_Test_Excel" time="3.110" errors="0" timestamp="2021-09-14T15:23:55 COT" skipped="0">
  <testcase classname="com.asignacitas.testng.DataDrivenTesting_SWD_Test_Excel" name="testRow1Col1" time="1.629"/>
  <system-out/>
  <testcase classname="com.asignacitas.testng.DataDrivenTesting_SWD_Test_Excel" name="testRow2Col1" time="1.481"/>
  <system-out/>
</testsuite> <!-- com.asignacitas.testng.DataDrivenTesting_SWD_Test_Excel -->
