<?xml version="1.0" encoding="UTF-8"?>
<!-- Generated by org.testng.reporters.JUnitReportReporter -->
<testsuite hostname="DW-A10515" failures="0" tests="2" name="com.asignacitas.testng.TestNGDataProviderExample" time="16.743" errors="0" timestamp="2021-09-15T11:16:46 COT" skipped="0">
  <testcase classname="com.asignacitas.testng.TestNGDataProviderExample" name="login" time="10.559"/>
  <system-out/>
  <testcase classname="com.asignacitas.testng.TestNGDataProviderExample" name="login" time="6.184"/>
  <system-out/>
</testsuite> <!-- com.asignacitas.testng.TestNGDataProviderExample -->
